<?xml version="1.0" encoding="UTF-8"?>
<!-- Generated by org.testng.reporters.JUnitReportReporter -->
<testsuite skipped="0" hostname="feiyanhongdeMacBook-Air.local" name="webtest.test_chrome_incorrect_login_with_incorrect_password" tests="1" failures="0" timestamp="04 一月 2019 09:36:43 GMT" time="6.983" errors="0">
  <testcase name="test_chrome_incorrect_login_with_incorrect_password" time="6.983" classname="webtest.test_chrome_incorrect_login_with_incorrect_password"/>
</testsuite> <!-- webtest.test_chrome_incorrect_login_with_incorrect_password -->
