<?xml version="1.0" encoding="UTF-8"?>
<!-- Generated by org.testng.reporters.JUnitReportReporter -->
<testsuite skipped="0" hostname="feiyanhongdeMacBook-Air.local" name="webtest.test_register" tests="1" failures="0" timestamp="07 一月 2019 05:00:52 GMT" time="17.036" errors="0">
  <testcase name="test" time="17.036" classname="webtest.test_register"/>
</testsuite> <!-- webtest.test_register -->
