<?xml version="1.0" encoding="UTF-8"?>
<!-- Generated by org.testng.reporters.JUnitReportReporter -->
<testsuite skipped="0" hostname="feiyanhongdeMacBook-Air.local" name="webtest.test_login" tests="1" failures="0" timestamp="03 一月 2019 13:52:46 GMT" time="5.838" errors="0">
  <testcase name="test_login" time="5.838" classname="webtest.test_login"/>
</testsuite> <!-- webtest.test_login -->
