<?xml version="1.0" encoding="UTF-8"?>
<!-- Generated by org.testng.reporters.JUnitReportReporter -->
<testsuite skipped="0" hostname="feiyanhongdeMacBook-Air.local" name="webtest.test_only_load_more" tests="1" failures="0" timestamp="04 一月 2019 11:13:26 GMT" time="12.187" errors="0">
  <testcase name="test_only_load_more" time="12.187" classname="webtest.test_only_load_more"/>
</testsuite> <!-- webtest.test_only_load_more -->
