<?xml version="1.0" encoding="UTF-8"?>
<!-- Generated by org.testng.reporters.JUnitReportReporter -->
<testsuite skipped="0" hostname="feiyanhongdeMacBook-Air.local" name="webtest.test_update" tests="1" failures="0" timestamp="31 十二月 2018 07:55:13 GMT" time="7.951" errors="0">
  <testcase name="test_update" time="7.951" classname="webtest.test_update"/>
</testsuite> <!-- webtest.test_update -->
