<?xml version="1.0" encoding="UTF-8"?>
<!-- Generated by org.testng.reporters.JUnitReportReporter -->
<testsuite skipped="0" hostname="feiyanhongdeMacBook-Air.local" name="webtest.test_chrome_correct_login" tests="1" failures="0" timestamp="07 一月 2019 04:59:15 GMT" time="10.334" errors="0">
  <testcase name="test_chrome_correct_login" time="10.334" classname="webtest.test_chrome_correct_login"/>
</testsuite> <!-- webtest.test_chrome_correct_login -->
