<?xml version="1.0" encoding="UTF-8"?>
<!-- Generated by org.testng.reporters.JUnitReportReporter -->
<testsuite skipped="0" hostname="feiyanhongdeMacBook-Air.local" name="webtest.test_chrome_load_more" tests="1" failures="0" timestamp="07 一月 2019 04:59:37 GMT" time="11.893" errors="0">
  <testcase name="test_chrome_load_more" time="11.893" classname="webtest.test_chrome_load_more"/>
</testsuite> <!-- webtest.test_chrome_load_more -->
